mode: set
e-commerce-api/feature/users/services/service.go:21.47,26.2 1 1
e-commerce-api/feature/users/services/service.go:28.86,30.16 2 1
e-commerce-api/feature/users/services/service.go:40.2,40.69 1 1
e-commerce-api/feature/users/services/service.go:45.2,51.27 6 1
e-commerce-api/feature/users/services/service.go:30.16,32.49 2 1
e-commerce-api/feature/users/services/service.go:37.3,37.43 1 1
e-commerce-api/feature/users/services/service.go:32.49,34.4 1 1
e-commerce-api/feature/users/services/service.go:34.9,36.4 1 1
e-commerce-api/feature/users/services/service.go:40.69,43.3 2 1
e-commerce-api/feature/users/services/service.go:54.74,56.16 2 1
e-commerce-api/feature/users/services/service.go:61.2,62.16 2 1
e-commerce-api/feature/users/services/service.go:68.2,70.16 3 1
e-commerce-api/feature/users/services/service.go:80.2,80.17 1 1
e-commerce-api/feature/users/services/service.go:56.16,59.3 2 0
e-commerce-api/feature/users/services/service.go:62.16,66.3 3 1
e-commerce-api/feature/users/services/service.go:70.16,72.50 2 1
e-commerce-api/feature/users/services/service.go:77.3,77.39 1 1
e-commerce-api/feature/users/services/service.go:72.50,74.4 1 0
e-commerce-api/feature/users/services/service.go:74.9,76.4 1 1
e-commerce-api/feature/users/services/service.go:82.73,84.13 2 1
e-commerce-api/feature/users/services/service.go:87.2,88.16 2 1
e-commerce-api/feature/users/services/service.go:98.2,98.17 1 1
e-commerce-api/feature/users/services/service.go:84.13,86.3 1 1
e-commerce-api/feature/users/services/service.go:88.16,90.49 2 1
e-commerce-api/feature/users/services/service.go:95.3,95.39 1 1
e-commerce-api/feature/users/services/service.go:90.49,92.4 1 1
e-commerce-api/feature/users/services/service.go:92.9,94.4 1 1
e-commerce-api/feature/users/services/service.go:101.94,103.13 2 1
e-commerce-api/feature/users/services/service.go:107.2,107.31 1 1
e-commerce-api/feature/users/services/service.go:117.2,118.16 2 1
e-commerce-api/feature/users/services/service.go:128.2,128.17 1 1
e-commerce-api/feature/users/services/service.go:103.13,105.3 1 1
e-commerce-api/feature/users/services/service.go:107.31,109.17 2 0
e-commerce-api/feature/users/services/service.go:113.3,113.31 1 0
e-commerce-api/feature/users/services/service.go:109.17,112.4 2 0
e-commerce-api/feature/users/services/service.go:118.16,120.49 2 1
e-commerce-api/feature/users/services/service.go:125.3,125.39 1 1
e-commerce-api/feature/users/services/service.go:120.49,122.4 1 1
e-commerce-api/feature/users/services/service.go:122.9,124.4 1 1
e-commerce-api/feature/users/services/service.go:131.57,133.13 2 1
e-commerce-api/feature/users/services/service.go:137.2,138.16 2 1
e-commerce-api/feature/users/services/service.go:148.2,148.12 1 1
e-commerce-api/feature/users/services/service.go:133.13,135.3 1 1
e-commerce-api/feature/users/services/service.go:138.16,140.49 2 1
e-commerce-api/feature/users/services/service.go:145.3,145.25 1 1
e-commerce-api/feature/users/services/service.go:140.49,142.4 1 1
e-commerce-api/feature/users/services/service.go:142.9,144.4 1 1
